{"/home/belato/frontend-project-46/src/index.js": {"path":"/home/belato/frontend-project-46/src/index.js","statementMap":{"0":{"start":{"line":6,"column":24},"end":{"line":14,"column":1}},"1":{"start":{"line":7,"column":16},"end":{"line":7,"column":68}},"2":{"start":{"line":8,"column":16},"end":{"line":8,"column":68}},"3":{"start":{"line":9,"column":20},"end":{"line":11,"column":29}},"4":{"start":{"line":10,"column":17},"end":{"line":10,"column":38}},"5":{"start":{"line":11,"column":17},"end":{"line":11,"column":28}},"6":{"start":{"line":13,"column":2},"end":{"line":13,"column":40}},"7":{"start":{"line":16,"column":17},"end":{"line":16,"column":58}},"8":{"start":{"line":16,"column":29},"end":{"line":16,"column":58}},"9":{"start":{"line":19,"column":16},"end":{"line":39,"column":1}},"10":{"start":{"line":20,"column":16},"end":{"line":20,"column":34}},"11":{"start":{"line":21,"column":16},"end":{"line":21,"column":34}},"12":{"start":{"line":22,"column":15},"end":{"line":22,"column":43}},"13":{"start":{"line":23,"column":17},"end":{"line":37,"column":8}},"14":{"start":{"line":24,"column":4},"end":{"line":35,"column":5}},"15":{"start":{"line":25,"column":6},"end":{"line":25,"column":39}},"16":{"start":{"line":27,"column":9},"end":{"line":35,"column":5}},"17":{"start":{"line":28,"column":6},"end":{"line":28,"column":39}},"18":{"start":{"line":30,"column":9},"end":{"line":35,"column":5}},"19":{"start":{"line":31,"column":6},"end":{"line":31,"column":63}},"20":{"start":{"line":34,"column":6},"end":{"line":34,"column":39}},"21":{"start":{"line":36,"column":4},"end":{"line":36,"column":14}},"22":{"start":{"line":38,"column":2},"end":{"line":38,"column":15}}},"fnMap":{"0":{"name":"(anonymous_0)","decl":{"start":{"line":6,"column":24},"end":{"line":6,"column":25}},"loc":{"start":{"line":6,"column":42},"end":{"line":14,"column":1}},"line":6},"1":{"name":"(anonymous_1)","decl":{"start":{"line":10,"column":9},"end":{"line":10,"column":10}},"loc":{"start":{"line":10,"column":17},"end":{"line":10,"column":38}},"line":10},"2":{"name":"(anonymous_2)","decl":{"start":{"line":11,"column":9},"end":{"line":11,"column":10}},"loc":{"start":{"line":11,"column":17},"end":{"line":11,"column":28}},"line":11},"3":{"name":"(anonymous_3)","decl":{"start":{"line":16,"column":17},"end":{"line":16,"column":18}},"loc":{"start":{"line":16,"column":29},"end":{"line":16,"column":58}},"line":16},"4":{"name":"(anonymous_4)","decl":{"start":{"line":19,"column":16},"end":{"line":19,"column":17}},"loc":{"start":{"line":19,"column":34},"end":{"line":39,"column":1}},"line":19},"5":{"name":"(anonymous_5)","decl":{"start":{"line":23,"column":29},"end":{"line":23,"column":30}},"loc":{"start":{"line":23,"column":43},"end":{"line":37,"column":3}},"line":23}},"branchMap":{"0":{"loc":{"start":{"line":24,"column":4},"end":{"line":35,"column":5}},"type":"if","locations":[{"start":{"line":24,"column":4},"end":{"line":35,"column":5}},{"start":{"line":27,"column":9},"end":{"line":35,"column":5}}],"line":24},"1":{"loc":{"start":{"line":27,"column":9},"end":{"line":35,"column":5}},"type":"if","locations":[{"start":{"line":27,"column":9},"end":{"line":35,"column":5}},{"start":{"line":30,"column":9},"end":{"line":35,"column":5}}],"line":27},"2":{"loc":{"start":{"line":30,"column":9},"end":{"line":35,"column":5}},"type":"if","locations":[{"start":{"line":30,"column":9},"end":{"line":35,"column":5}},{"start":{"line":33,"column":9},"end":{"line":35,"column":5}}],"line":30}},"s":{"0":1,"1":1,"2":1,"3":1,"4":6,"5":6,"6":1,"7":1,"8":2,"9":1,"10":1,"11":1,"12":1,"13":1,"14":5,"15":1,"16":4,"17":2,"18":2,"19":1,"20":1,"21":5,"22":1},"f":{"0":1,"1":6,"2":6,"3":2,"4":1,"5":5},"b":{"0":[1,4],"1":[2,2],"2":[1,1]},"_coverageSchema":"1a1c01bbd47fc00a2c39e90264f33305004495a9","hash":"4280694b00649c37098cb9997db47e973d96f633"}
}
